mode: atomic
github.com/mhughes/jrpc2/server.go:114.65,115.50 1 9
github.com/mhughes/jrpc2/server.go:132.2,132.12 1 9
github.com/mhughes/jrpc2/server.go:115.50,121.59 3 7
github.com/mhughes/jrpc2/server.go:126.3,126.52 1 7
github.com/mhughes/jrpc2/server.go:121.59,124.4 2 0
github.com/mhughes/jrpc2/server.go:126.52,129.4 2 0
github.com/mhughes/jrpc2/server.go:138.91,148.8 4 19
github.com/mhughes/jrpc2/server.go:152.2,152.21 1 19
github.com/mhughes/jrpc2/server.go:148.8,150.3 1 19
github.com/mhughes/jrpc2/server.go:162.42,164.2 1 0
github.com/mhughes/jrpc2/server.go:167.39,171.35 3 0
github.com/mhughes/jrpc2/server.go:178.2,180.21 2 0
github.com/mhughes/jrpc2/server.go:171.35,173.29 2 0
github.com/mhughes/jrpc2/server.go:173.29,175.4 1 0
github.com/mhughes/jrpc2/server.go:212.69,213.45 1 23
github.com/mhughes/jrpc2/server.go:213.45,216.3 2 2
github.com/mhughes/jrpc2/server.go:220.75,222.39 2 18
github.com/mhughes/jrpc2/server.go:225.2,225.47 1 18
github.com/mhughes/jrpc2/server.go:230.2,230.72 1 16
github.com/mhughes/jrpc2/server.go:222.39,224.3 1 12
github.com/mhughes/jrpc2/server.go:225.47,228.3 2 2
github.com/mhughes/jrpc2/server.go:230.72,233.3 2 3
github.com/mhughes/jrpc2/server.go:233.8,233.26 1 13
github.com/mhughes/jrpc2/server.go:233.26,235.3 1 10
github.com/mhughes/jrpc2/server.go:240.76,242.19 2 3
github.com/mhughes/jrpc2/server.go:251.2,254.27 3 3
github.com/mhughes/jrpc2/server.go:271.2,272.30 2 3
github.com/mhughes/jrpc2/server.go:242.19,249.3 2 2
github.com/mhughes/jrpc2/server.go:254.27,255.48 1 2
github.com/mhughes/jrpc2/server.go:260.3,261.31 2 2
github.com/mhughes/jrpc2/server.go:255.48,257.12 2 0
github.com/mhughes/jrpc2/server.go:261.31,263.74 2 2
github.com/mhughes/jrpc2/server.go:263.74,265.5 1 0
github.com/mhughes/jrpc2/server.go:265.10,265.28 1 2
github.com/mhughes/jrpc2/server.go:265.28,267.5 1 0
github.com/mhughes/jrpc2/server.go:272.30,274.3 1 0
github.com/mhughes/jrpc2/server.go:287.73,288.22 1 1
github.com/mhughes/jrpc2/server.go:292.2,297.12 5 1
github.com/mhughes/jrpc2/server.go:288.22,290.3 1 0
github.com/mhughes/jrpc2/server.go:302.103,305.47 2 1
github.com/mhughes/jrpc2/server.go:309.2,309.85 1 1
github.com/mhughes/jrpc2/server.go:317.2,317.37 1 1
github.com/mhughes/jrpc2/server.go:324.2,326.23 2 1
github.com/mhughes/jrpc2/server.go:305.47,307.3 1 0
github.com/mhughes/jrpc2/server.go:309.85,315.3 1 0
github.com/mhughes/jrpc2/server.go:317.37,322.3 1 0
github.com/mhughes/jrpc2/server.go:330.55,333.89 1 3
github.com/mhughes/jrpc2/server.go:333.89,335.4 1 3
github.com/mhughes/jrpc2/server.go:339.77,341.2 1 1
github.com/mhughes/jrpc2/server.go:345.84,350.16 4 23
github.com/mhughes/jrpc2/server.go:358.2,358.50 1 23
github.com/mhughes/jrpc2/server.go:369.2,369.19 1 23
github.com/mhughes/jrpc2/server.go:384.2,384.15 1 21
github.com/mhughes/jrpc2/server.go:350.16,356.3 1 0
github.com/mhughes/jrpc2/server.go:358.50,364.3 1 5
github.com/mhughes/jrpc2/server.go:364.8,367.3 2 18
github.com/mhughes/jrpc2/server.go:369.19,371.53 2 5
github.com/mhughes/jrpc2/server.go:380.3,381.25 2 3
github.com/mhughes/jrpc2/server.go:371.53,378.4 2 2
github.com/mhughes/jrpc2/server.go:388.67,389.26 1 20
github.com/mhughes/jrpc2/server.go:397.2,397.39 1 19
github.com/mhughes/jrpc2/server.go:405.2,405.52 1 18
github.com/mhughes/jrpc2/server.go:413.2,413.12 1 18
github.com/mhughes/jrpc2/server.go:389.26,395.3 1 1
github.com/mhughes/jrpc2/server.go:397.39,403.3 1 1
github.com/mhughes/jrpc2/server.go:405.52,411.3 1 0
github.com/mhughes/jrpc2/server.go:419.114,421.9 2 18
github.com/mhughes/jrpc2/server.go:427.2,427.26 1 17
github.com/mhughes/jrpc2/server.go:430.2,430.22 1 6
github.com/mhughes/jrpc2/server.go:466.2,470.3 1 0
github.com/mhughes/jrpc2/server.go:421.9,426.3 1 1
github.com/mhughes/jrpc2/server.go:427.26,429.3 1 11
github.com/mhughes/jrpc2/server.go:430.22,438.17 3 6
github.com/mhughes/jrpc2/server.go:445.3,446.17 2 6
github.com/mhughes/jrpc2/server.go:454.3,459.25 5 6
github.com/mhughes/jrpc2/server.go:438.17,444.4 1 0
github.com/mhughes/jrpc2/server.go:446.17,452.4 1 0
github.com/mhughes/jrpc2/server.go:459.25,461.4 1 5
github.com/mhughes/jrpc2/server.go:461.9,461.31 1 1
github.com/mhughes/jrpc2/server.go:461.31,463.4 1 1
github.com/mhughes/jrpc2/server.go:474.26,477.2 2 0
github.com/mhughes/jrpc2/server.go:479.26,482.2 2 1
github.com/mhughes/jrpc2/server.go:485.86,488.2 2 1
github.com/mhughes/jrpc2/server.go:491.71,502.2 3 1
github.com/mhughes/jrpc2/server.go:511.59,514.89 1 1
github.com/mhughes/jrpc2/server.go:514.89,516.4 1 6
github.com/mhughes/jrpc2/server.go:521.81,523.2 1 0
github.com/mhughes/jrpc2/server.go:526.34,528.2 1 1
github.com/mhughes/jrpc2/server.go:539.29,540.41 1 1
github.com/mhughes/jrpc2/server.go:548.2,549.45 2 1
github.com/mhughes/jrpc2/server.go:540.41,547.3 3 1
github.com/mhughes/jrpc2/server.go:553.67,555.2 1 1
github.com/mhughes/jrpc2/server.go:558.70,560.2 1 1
